#
# There is insufficient memory for the Java Runtime Environment to continue.
# Native memory allocation (mmap) failed to map 65536 bytes. Error detail: Failed to commit metaspace.
# Possible reasons:
#   The system is out of physical RAM or swap space
#   This process is running with CompressedOops enabled, and the Java Heap may be blocking the growth of the native heap
# Possible solutions:
#   Reduce memory load on the system
#   Increase physical memory or swap space
#   Check if swap backing store is full
#   Decrease Java heap size (-Xmx/-Xms)
#   Decrease number of Java threads
#   Decrease Java thread stack sizes (-Xss)
#   Set larger code cache with -XX:ReservedCodeCacheSize=
#   JVM is running with Unscaled Compressed Oops mode in which the Java heap is
#     placed in the first 4GB address space. The Java Heap base address is the
#     maximum limit for the native heap growth. Please use -XX:HeapBaseMinAddress
#     to set the Java Heap base and to place the Java Heap above 4GB virtual address.
# This output file may be truncated or incomplete.
#
#  Out of Memory Error (virtualSpaceNode.cpp:112), pid=23556, tid=29244
#
# JRE version: Java(TM) SE Runtime Environment (22.0.2+9) (build 22.0.2+9-70)
# Java VM: Java HotSpot(TM) 64-Bit Server VM (22.0.2+9-70, mixed mode, tiered, compressed oops, compressed class ptrs, g1 gc, windows-amd64)
# No core dump will be written. Minidumps are not enabled by default on client versions of Windows
#

---------------  S U M M A R Y ------------

Command Line: -Dfile.encoding=UTF-8 --module-path=A:\Bank Management System\build\classes bank.management.system.SignupOne

Host: Intel(R) Core(TM) i3-1005G1 CPU @ 1.20GHz, 4 cores, 7G,  Windows 11 , 64 bit Build 22621 (10.0.22621.3958)
Time: Thu Aug 15 01:04:28 2024 India Standard Time elapsed time: 0.272764 seconds (0d 0h 0m 0s)

---------------  T H R E A D  ---------------

Current thread (0x000002c93f3aed60):  JavaThread "main"             [_thread_in_vm, id=29244, stack(0x000000e395600000,0x000000e395700000) (1024K)]

Stack: [0x000000e395600000,0x000000e395700000]
Native frames: (J=compiled Java code, j=interpreted, Vv=VM code, C=native code)
V  [jvm.dll+0x6e26e9]  (no source info available)
V  [jvm.dll+0x875753]  (no source info available)
V  [jvm.dll+0x877b7e]  (no source info available)
V  [jvm.dll+0x878253]  (no source info available)
V  [jvm.dll+0x27fc86]  (no source info available)
V  [jvm.dll+0x87139e]  (no source info available)
V  [jvm.dll+0x685755]  (no source info available)
V  [jvm.dll+0x6857ba]  (no source info available)
V  [jvm.dll+0x687ffa]  (no source info available)
V  [jvm.dll+0x224f6c]  (no source info available)
V  [jvm.dll+0x68616e]  (no source info available)
V  [jvm.dll+0x2155d8]  (no source info available)
V  [jvm.dll+0x216071]  (no source info available)
V  [jvm.dll+0x20b3ae]  (no source info available)
V  [jvm.dll+0x5c4a8f]  (no source info available)
V  [jvm.dll+0x21cb2a]  (no source info available)
V  [jvm.dll+0x7ebe8c]  (no source info available)
V  [jvm.dll+0x7ecf26]  (no source info available)
V  [jvm.dll+0x7ed534]  (no source info available)
V  [jvm.dll+0x7ed1b8]  (no source info available)
V  [jvm.dll+0x26d6ab]  (no source info available)
V  [jvm.dll+0x3db97a]  (no source info available)
C  0x000002c95053f19b  (no source info available)

The last pc belongs to ldc_w (printed below).
Java frames: (J=compiled Java code, j=interpreted, Vv=VM code)
j  java.lang.System.initPhase3()V+3 java.base@22.0.2
v  ~StubRoutines::call_stub 0x000002c95053100d
ldc_w  19 ldc_w  [0x000002c95053f0e0, 0x000002c95053f390]  688 bytes
[MachCode]
  0x000002c95053f0e0: 4883 ec08 | c5fa 1104 | 24eb 1f48 | 83ec 10c5 | fb11 0424 | eb14 4883 | ec10 4889 | 0424 48c7 
  0x000002c95053f100: 4424 0800 | 0000 00eb | 0150 410f | b75d 010f | cbc1 eb10 | 488b 4de8 | 488b 4908 | 488b 4908 
  0x000002c95053f120: 488b 4108 | 0fb6 5418 | 0483 fa64 | 740e 83fa | 6774 0983 | fa07 0f85 | bd00 0000 | ba01 0000 
  0x000002c95053f140: 00e8 0500 | 0000 e9a8 | 0000 0048 | 8d44 2408 | 4c89 6dc0 | 498b cfc5 | f877 4989 | afb0 0300 
  0x000002c95053f160: 0049 8987 | a003 0000 | 4883 ec20 | 40f6 c40f | 0f84 1900 | 0000 4883 | ec08 48b8 | 60b8 91e4 
  0x000002c95053f180: f97f 0000 | ffd0 4883 | c408 e90c | 0000 0048 | b860 b891 | e4f9 7f00 | 00ff d048 | 83c4 2049 
  0x000002c95053f1a0: c787 a003 | 0000 0000 | 0000 49c7 | 87b0 0300 | 0000 0000 | 0049 c787 | a803 0000 | 0000 0000 
  0x000002c95053f1c0: c5f8 7749 | 837f 0800 | 0f84 0500 | 0000 e92d | 1dff ff49 | 8b87 f803 | 0000 49c7 | 87f8 0300 
  0x000002c95053f1e0: 0000 0000 | 004c 8b6d | c04c 8b75 | c84e 8d74 | f500 c350 | e97c 0100 | 0083 fa04 | 7514 c5fa 
  0x000002c95053f200: 1044 d948 | 4883 ec08 | c5fa 1104 | 24e9 6301 | 0000 83fa | 0375 0a8b | 44d9 4850 | e954 0100 
  0x000002c95053f220: 00ba 1300 | 0000 e805 | 0000 00e9 | a800 0000 | 488d 4424 | 084c 896d | c049 8bcf | c5f8 7749 
  0x000002c95053f240: 89af b003 | 0000 4989 | 87a0 0300 | 0048 83ec | 2040 f6c4 | 0f0f 8419 | 0000 0048 | 83ec 0848 
  0x000002c95053f260: b820 de91 | e4f9 7f00 | 00ff d048 | 83c4 08e9 | 0c00 0000 | 48b8 20de | 91e4 f97f | 0000 ffd0 
  0x000002c95053f280: 4883 c420 | 49c7 87a0 | 0300 0000 | 0000 0049 | c787 b003 | 0000 0000 | 0000 49c7 | 87a8 0300 
  0x000002c95053f2a0: 0000 0000 | 00c5 f877 | 4983 7f08 | 000f 8405 | 0000 00e9 | 481c ffff | 498b 87f8 | 0300 0049 
  0x000002c95053f2c0: c787 f803 | 0000 0000 | 0000 4c8b | 6dc0 4c8b | 75c8 4e8d | 74f5 00c3 | 498b 8f00 | 0400 0049 
  0x000002c95053f2e0: c787 0004 | 0000 0000 | 0000 8bd9 | 81e3 ffff | 0000 c1e9 | 1c83 e10f | 83f9 0475 | 098b 0418 
  0x000002c95053f300: 50e9 6f00 | 0000 83f9 | 0675 13c5 | fa10 0418 | 4883 ec08 | c5fa 1104 | 24e9 5700 | 0000 83f9 
  0x000002c95053f320: 0375 0a0f | bf04 1850 | e948 0000 | 0083 f900 | 750a 0fbe | 0418 50e9 | 3900 0000 | 83f9 0275 
  0x000002c95053f340: 0a0f b704 | 1850 e92a | 0000 0083 | f901 750a | 0fbe 0418 | 50e9 1b00 | 0000 48b9 | 88a5 fae4 
  0x000002c95053f360: f97f 0000 | 4883 e4f0 | 48b8 3099 | b7e4 f97f | 0000 ffd0 | f441 0fb6 | 5d03 4983 | c503 49ba 
  0x000002c95053f380: 3011 1ce5 | f97f 0000 | 41ff 24da | 0f1f 4000 
[/MachCode]

---------------  P R O C E S S  ---------------

Threads class SMR info:
_java_thread_list=0x000002c95d5a0650, length=10, elements={
0x000002c93f3aed60, 0x000002c95d435470, 0x000002c95d41b7a0, 0x000002c95d42a660,
0x000002c95d421490, 0x000002c95d4244c0, 0x000002c95d4282f0, 0x000002c95d457a00,
0x000002c95d45e0e0, 0x000002c95d32c0b0
}

Java Threads: ( => current thread )
=>0x000002c93f3aed60 JavaThread "main"                              [_thread_in_vm, id=29244, stack(0x000000e395600000,0x000000e395700000) (1024K)]
  0x000002c95d435470 JavaThread "Reference Handler"          daemon [_thread_blocked, id=29688, stack(0x000000e395e00000,0x000000e395f00000) (1024K)]
  0x000002c95d41b7a0 JavaThread "Finalizer"                  daemon [_thread_blocked, id=9340, stack(0x000000e395f00000,0x000000e396000000) (1024K)]
  0x000002c95d42a660 JavaThread "Signal Dispatcher"          daemon [_thread_blocked, id=28096, stack(0x000000e396000000,0x000000e396100000) (1024K)]
  0x000002c95d421490 JavaThread "Attach Listener"            daemon [_thread_blocked, id=18408, stack(0x000000e396100000,0x000000e396200000) (1024K)]
  0x000002c95d4244c0 JavaThread "Service Thread"             daemon [_thread_blocked, id=24676, stack(0x000000e396200000,0x000000e396300000) (1024K)]
  0x000002c95d4282f0 JavaThread "Monitor Deflation Thread"   daemon [_thread_blocked, id=20552, stack(0x000000e396300000,0x000000e396400000) (1024K)]
  0x000002c95d457a00 JavaThread "C2 CompilerThread0"         daemon [_thread_blocked, id=28100, stack(0x000000e396400000,0x000000e396500000) (1024K)]
  0x000002c95d45e0e0 JavaThread "C1 CompilerThread0"         daemon [_thread_blocked, id=12688, stack(0x000000e396500000,0x000000e396600000) (1024K)]
  0x000002c95d32c0b0 JavaThread "Common-Cleaner"             daemon [_thread_blocked, id=28264, stack(0x000000e396600000,0x000000e396700000) (1024K)]
Total: 10

Other Threads:
  0x000002c95d37d740 VMThread "VM Thread"                           [id=28812, stack(0x000000e395d00000,0x000000e395e00000) (1024K)]
  0x000002c95d329660 WatcherThread "VM Periodic Task Thread"        [id=13572, stack(0x000000e395c00000,0x000000e395d00000) (1024K)]
  0x000002c93f510110 WorkerThread "GC Thread#0"                     [id=22072, stack(0x000000e395700000,0x000000e395800000) (1024K)]
  0x000002c93f5209c0 ConcurrentGCThread "G1 Main Marker"            [id=24832, stack(0x000000e395800000,0x000000e395900000) (1024K)]
  0x000002c93f5214d0 WorkerThread "G1 Conc#0"                       [id=28928, stack(0x000000e395900000,0x000000e395a00000) (1024K)]
  0x000002c93f57e670 ConcurrentGCThread "G1 Refine#0"               [id=29668, stack(0x000000e395a00000,0x000000e395b00000) (1024K)]
  0x000002c95d1fa360 ConcurrentGCThread "G1 Service"                [id=27848, stack(0x000000e395b00000,0x000000e395c00000) (1024K)]
Total: 7

Threads with active compile tasks:
Total: 0

VM state: not at safepoint (normal execution)

VM Mutex/Monitor currently owned by a thread:  ([mutex/lock_event])
[0x00007ff9e51aab00] Metaspace_lock - owner thread: 0x000002c93f3aed60

Heap address: 0x0000000083a00000, size: 1990 MB, Compressed Oops mode: 32-bit

CDS archive(s) not mapped
Compressed class space mapped at: 0x0000000030000000-0x0000000070000000, reserved size: 1073741824
Narrow klass base: 0x0000000000000000, Narrow klass shift: 0, Narrow klass range: 0x70000000

GC Precious Log:
 CardTable entry size: 512
 Card Set container configuration: InlinePtr #cards 5 size 8 Array Of Cards #cards 12 size 40 Howl #buckets 4 coarsen threshold 1843 Howl Bitmap #cards 512 size 80 coarsen threshold 460 Card regions per heap region 1 cards per card region 2048
 CPUs: 4 total, 4 available
 Memory: 7959M
 Large Page Support: Disabled
 NUMA Support: Disabled
 Compressed Oops: Enabled (32-bit)
 Heap Region Size: 1M
 Heap Min Capacity: 8M
 Heap Initial Capacity: 126M
 Heap Max Capacity: 1990M
 Pre-touch: Disabled
 Parallel Workers: 4
 Concurrent Workers: 1
 Concurrent Refinement Workers: 4
 Periodic GC: Disabled

Heap:
 garbage-first heap   total reserved 2037760K, committed 129024K, used 2048K [0x0000000083a00000, 0x0000000100000000)
  region size 1024K, 3 young (3072K), 0 survivors (0K)
 Metaspace       used 6227K, committed 6336K, reserved 1114112K
  class space    used 529K, committed 576K, reserved 1048576K

Heap Regions: E=young(eden), S=young(survivor), O=old, HS=humongous(starts), HC=humongous(continues), CS=collection set, F=free, TAMS=top-at-mark-start, PB=parsable bottom
|   0|0x0000000083a00000, 0x0000000083a00000, 0x0000000083b00000|  0%| F|  |TAMS 0x0000000083a00000| PB 0x0000000083a00000| Untracked |  0
|   1|0x0000000083b00000, 0x0000000083b00000, 0x0000000083c00000|  0%| F|  |TAMS 0x0000000083b00000| PB 0x0000000083b00000| Untracked |  0
|   2|0x0000000083c00000, 0x0000000083c00000, 0x0000000083d00000|  0%| F|  |TAMS 0x0000000083c00000| PB 0x0000000083c00000| Untracked |  0
|   3|0x0000000083d00000, 0x0000000083d00000, 0x0000000083e00000|  0%| F|  |TAMS 0x0000000083d00000| PB 0x0000000083d00000| Untracked |  0
|   4|0x0000000083e00000, 0x0000000083e00000, 0x0000000083f00000|  0%| F|  |TAMS 0x0000000083e00000| PB 0x0000000083e00000| Untracked |  0
|   5|0x0000000083f00000, 0x0000000083f00000, 0x0000000084000000|  0%| F|  |TAMS 0x0000000083f00000| PB 0x0000000083f00000| Untracked |  0
|   6|0x0000000084000000, 0x0000000084000000, 0x0000000084100000|  0%| F|  |TAMS 0x0000000084000000| PB 0x0000000084000000| Untracked |  0
|   7|0x0000000084100000, 0x0000000084100000, 0x0000000084200000|  0%| F|  |TAMS 0x0000000084100000| PB 0x0000000084100000| Untracked |  0
|   8|0x0000000084200000, 0x0000000084200000, 0x0000000084300000|  0%| F|  |TAMS 0x0000000084200000| PB 0x0000000084200000| Untracked |  0
|   9|0x0000000084300000, 0x0000000084300000, 0x0000000084400000|  0%| F|  |TAMS 0x0000000084300000| PB 0x0000000084300000| Untracked |  0
|  10|0x0000000084400000, 0x0000000084400000, 0x0000000084500000|  0%| F|  |TAMS 0x0000000084400000| PB 0x0000000084400000| Untracked |  0
|  11|0x0000000084500000, 0x0000000084500000, 0x0000000084600000|  0%| F|  |TAMS 0x0000000084500000| PB 0x0000000084500000| Untracked |  0
|  12|0x0000000084600000, 0x0000000084600000, 0x0000000084700000|  0%| F|  |TAMS 0x0000000084600000| PB 0x0000000084600000| Untracked |  0
|  13|0x0000000084700000, 0x0000000084700000, 0x0000000084800000|  0%| F|  |TAMS 0x0000000084700000| PB 0x0000000084700000| Untracked |  0
|  14|0x0000000084800000, 0x0000000084800000, 0x0000000084900000|  0%| F|  |TAMS 0x0000000084800000| PB 0x0000000084800000| Untracked |  0
|  15|0x0000000084900000, 0x0000000084900000, 0x0000000084a00000|  0%| F|  |TAMS 0x0000000084900000| PB 0x0000000084900000| Untracked |  0
|  16|0x0000000084a00000, 0x0000000084a00000, 0x0000000084b00000|  0%| F|  |TAMS 0x0000000084a00000| PB 0x0000000084a00000| Untracked |  0
|  17|0x0000000084b00000, 0x0000000084b00000, 0x0000000084c00000|  0%| F|  |TAMS 0x0000000084b00000| PB 0x0000000084b00000| Untracked |  0
|  18|0x0000000084c00000, 0x0000000084c00000, 0x0000000084d00000|  0%| F|  |TAMS 0x0000000084c00000| PB 0x0000000084c00000| Untracked |  0
|  19|0x0000000084d00000, 0x0000000084d00000, 0x0000000084e00000|  0%| F|  |TAMS 0x0000000084d00000| PB 0x0000000084d00000| Untracked |  0
|  20|0x0000000084e00000, 0x0000000084e00000, 0x0000000084f00000|  0%| F|  |TAMS 0x0000000084e00000| PB 0x0000000084e00000| Untracked |  0
|  21|0x0000000084f00000, 0x0000000084f00000, 0x0000000085000000|  0%| F|  |TAMS 0x0000000084f00000| PB 0x0000000084f00000| Untracked |  0
|  22|0x0000000085000000, 0x0000000085000000, 0x0000000085100000|  0%| F|  |TAMS 0x0000000085000000| PB 0x0000000085000000| Untracked |  0
|  23|0x0000000085100000, 0x0000000085100000, 0x0000000085200000|  0%| F|  |TAMS 0x0000000085100000| PB 0x0000000085100000| Untracked |  0
|  24|0x0000000085200000, 0x0000000085200000, 0x0000000085300000|  0%| F|  |TAMS 0x0000000085200000| PB 0x0000000085200000| Untracked |  0
|  25|0x0000000085300000, 0x0000000085300000, 0x0000000085400000|  0%| F|  |TAMS 0x0000000085300000| PB 0x0000000085300000| Untracked |  0
|  26|0x0000000085400000, 0x0000000085400000, 0x0000000085500000|  0%| F|  |TAMS 0x0000000085400000| PB 0x0000000085400000| Untracked |  0
|  27|0x0000000085500000, 0x0000000085500000, 0x0000000085600000|  0%| F|  |TAMS 0x0000000085500000| PB 0x0000000085500000| Untracked |  0
|  28|0x0000000085600000, 0x0000000085600000, 0x0000000085700000|  0%| F|  |TAMS 0x0000000085600000| PB 0x0000000085600000| Untracked |  0
|  29|0x0000000085700000, 0x0000000085700000, 0x0000000085800000|  0%| F|  |TAMS 0x0000000085700000| PB 0x0000000085700000| Untracked |  0
|  30|0x0000000085800000, 0x0000000085800000, 0x0000000085900000|  0%| F|  |TAMS 0x0000000085800000| PB 0x0000000085800000| Untracked |  0
|  31|0x0000000085900000, 0x0000000085900000, 0x0000000085a00000|  0%| F|  |TAMS 0x0000000085900000| PB 0x0000000085900000| Untracked |  0
|  32|0x0000000085a00000, 0x0000000085a00000, 0x0000000085b00000|  0%| F|  |TAMS 0x0000000085a00000| PB 0x0000000085a00000| Untracked |  0
|  33|0x0000000085b00000, 0x0000000085b00000, 0x0000000085c00000|  0%| F|  |TAMS 0x0000000085b00000| PB 0x0000000085b00000| Untracked |  0
|  34|0x0000000085c00000, 0x0000000085c00000, 0x0000000085d00000|  0%| F|  |TAMS 0x0000000085c00000| PB 0x0000000085c00000| Untracked |  0
|  35|0x0000000085d00000, 0x0000000085d00000, 0x0000000085e00000|  0%| F|  |TAMS 0x0000000085d00000| PB 0x0000000085d00000| Untracked |  0
|  36|0x0000000085e00000, 0x0000000085e00000, 0x0000000085f00000|  0%| F|  |TAMS 0x0000000085e00000| PB 0x0000000085e00000| Untracked |  0
|  37|0x0000000085f00000, 0x0000000085f00000, 0x0000000086000000|  0%| F|  |TAMS 0x0000000085f00000| PB 0x0000000085f00000| Untracked |  0
|  38|0x0000000086000000, 0x0000000086000000, 0x0000000086100000|  0%| F|  |TAMS 0x0000000086000000| PB 0x0000000086000000| Untracked |  0
|  39|0x0000000086100000, 0x0000000086100000, 0x0000000086200000|  0%| F|  |TAMS 0x0000000086100000| PB 0x0000000086100000| Untracked |  0
|  40|0x0000000086200000, 0x0000000086200000, 0x0000000086300000|  0%| F|  |TAMS 0x0000000086200000| PB 0x0000000086200000| Untracked |  0
|  41|0x0000000086300000, 0x0000000086300000, 0x0000000086400000|  0%| F|  |TAMS 0x0000000086300000| PB 0x0000000086300000| Untracked |  0
|  42|0x0000000086400000, 0x0000000086400000, 0x0000000086500000|  0%| F|  |TAMS 0x0000000086400000| PB 0x0000000086400000| Untracked |  0
|  43|0x0000000086500000, 0x0000000086500000, 0x0000000086600000|  0%| F|  |TAMS 0x0000000086500000| PB 0x0000000086500000| Untracked |  0
|  44|0x0000000086600000, 0x0000000086600000, 0x0000000086700000|  0%| F|  |TAMS 0x0000000086600000| PB 0x0000000086600000| Untracked |  0
|  45|0x0000000086700000, 0x0000000086700000, 0x0000000086800000|  0%| F|  |TAMS 0x0000000086700000| PB 0x0000000086700000| Untracked |  0
|  46|0x0000000086800000, 0x0000000086800000, 0x0000000086900000|  0%| F|  |TAMS 0x0000000086800000| PB 0x0000000086800000| Untracked |  0
|  47|0x0000000086900000, 0x0000000086900000, 0x0000000086a00000|  0%| F|  |TAMS 0x0000000086900000| PB 0x0000000086900000| Untracked |  0
|  48|0x0000000086a00000, 0x0000000086a00000, 0x0000000086b00000|  0%| F|  |TAMS 0x0000000086a00000| PB 0x0000000086a00000| Untracked |  0
|  49|0x0000000086b00000, 0x0000000086b00000, 0x0000000086c00000|  0%| F|  |TAMS 0x0000000086b00000| PB 0x0000000086b00000| Untracked |  0
|  50|0x0000000086c00000, 0x0000000086c00000, 0x0000000086d00000|  0%| F|  |TAMS 0x0000000086c00000| PB 0x0000000086c00000| Untracked |  0
|  51|0x0000000086d00000, 0x0000000086d00000, 0x0000000086e00000|  0%| F|  |TAMS 0x0000000086d00000| PB 0x0000000086d00000| Untracked |  0
|  52|0x0000000086e00000, 0x0000000086e00000, 0x0000000086f00000|  0%| F|  |TAMS 0x0000000086e00000| PB 0x0000000086e00000| Untracked |  0
|  53|0x0000000086f00000, 0x0000000086f00000, 0x0000000087000000|  0%| F|  |TAMS 0x0000000086f00000| PB 0x0000000086f00000| Untracked |  0
|  54|0x0000000087000000, 0x0000000087000000, 0x0000000087100000|  0%| F|  |TAMS 0x0000000087000000| PB 0x0000000087000000| Untracked |  0
|  55|0x0000000087100000, 0x0000000087100000, 0x0000000087200000|  0%| F|  |TAMS 0x0000000087100000| PB 0x0000000087100000| Untracked |  0
|  56|0x0000000087200000, 0x0000000087200000, 0x0000000087300000|  0%| F|  |TAMS 0x0000000087200000| PB 0x0000000087200000| Untracked |  0
|  57|0x0000000087300000, 0x0000000087300000, 0x0000000087400000|  0%| F|  |TAMS 0x0000000087300000| PB 0x0000000087300000| Untracked |  0
|  58|0x0000000087400000, 0x0000000087400000, 0x0000000087500000|  0%| F|  |TAMS 0x0000000087400000| PB 0x0000000087400000| Untracked |  0
|  59|0x0000000087500000, 0x0000000087500000, 0x0000000087600000|  0%| F|  |TAMS 0x0000000087500000| PB 0x0000000087500000| Untracked |  0
|  60|0x0000000087600000, 0x0000000087600000, 0x0000000087700000|  0%| F|  |TAMS 0x0000000087600000| PB 0x0000000087600000| Untracked |  0
|  61|0x0000000087700000, 0x0000000087700000, 0x0000000087800000|  0%| F|  |TAMS 0x0000000087700000| PB 0x0000000087700000| Untracked |  0
|  62|0x0000000087800000, 0x0000000087800000, 0x0000000087900000|  0%| F|  |TAMS 0x0000000087800000| PB 0x0000000087800000| Untracked |  0
|  63|0x0000000087900000, 0x0000000087900000, 0x0000000087a00000|  0%| F|  |TAMS 0x0000000087900000| PB 0x0000000087900000| Untracked |  0
|  64|0x0000000087a00000, 0x0000000087a00000, 0x0000000087b00000|  0%| F|  |TAMS 0x0000000087a00000| PB 0x0000000087a00000| Untracked |  0
|  65|0x0000000087b00000, 0x0000000087b00000, 0x0000000087c00000|  0%| F|  |TAMS 0x0000000087b00000| PB 0x0000000087b00000| Untracked |  0
|  66|0x0000000087c00000, 0x0000000087c00000, 0x0000000087d00000|  0%| F|  |TAMS 0x0000000087c00000| PB 0x0000000087c00000| Untracked |  0
|  67|0x0000000087d00000, 0x0000000087d00000, 0x0000000087e00000|  0%| F|  |TAMS 0x0000000087d00000| PB 0x0000000087d00000| Untracked |  0
|  68|0x0000000087e00000, 0x0000000087e00000, 0x0000000087f00000|  0%| F|  |TAMS 0x0000000087e00000| PB 0x0000000087e00000| Untracked |  0
|  69|0x0000000087f00000, 0x0000000087f00000, 0x0000000088000000|  0%| F|  |TAMS 0x0000000087f00000| PB 0x0000000087f00000| Untracked |  0
|  70|0x0000000088000000, 0x0000000088000000, 0x0000000088100000|  0%| F|  |TAMS 0x0000000088000000| PB 0x0000000088000000| Untracked |  0
|  71|0x0000000088100000, 0x0000000088100000, 0x0000000088200000|  0%| F|  |TAMS 0x0000000088100000| PB 0x0000000088100000| Untracked |  0
|  72|0x0000000088200000, 0x0000000088200000, 0x0000000088300000|  0%| F|  |TAMS 0x0000000088200000| PB 0x0000000088200000| Untracked |  0
|  73|0x0000000088300000, 0x0000000088300000, 0x0000000088400000|  0%| F|  |TAMS 0x0000000088300000| PB 0x0000000088300000| Untracked |  0
|  74|0x0000000088400000, 0x0000000088400000, 0x0000000088500000|  0%| F|  |TAMS 0x0000000088400000| PB 0x0000000088400000| Untracked |  0
|  75|0x0000000088500000, 0x0000000088500000, 0x0000000088600000|  0%| F|  |TAMS 0x0000000088500000| PB 0x0000000088500000| Untracked |  0
|  76|0x0000000088600000, 0x0000000088600000, 0x0000000088700000|  0%| F|  |TAMS 0x0000000088600000| PB 0x0000000088600000| Untracked |  0
|  77|0x0000000088700000, 0x0000000088700000, 0x0000000088800000|  0%| F|  |TAMS 0x0000000088700000| PB 0x0000000088700000| Untracked |  0
|  78|0x0000000088800000, 0x0000000088800000, 0x0000000088900000|  0%| F|  |TAMS 0x0000000088800000| PB 0x0000000088800000| Untracked |  0
|  79|0x0000000088900000, 0x0000000088900000, 0x0000000088a00000|  0%| F|  |TAMS 0x0000000088900000| PB 0x0000000088900000| Untracked |  0
|  80|0x0000000088a00000, 0x0000000088a00000, 0x0000000088b00000|  0%| F|  |TAMS 0x0000000088a00000| PB 0x0000000088a00000| Untracked |  0
|  81|0x0000000088b00000, 0x0000000088b00000, 0x0000000088c00000|  0%| F|  |TAMS 0x0000000088b00000| PB 0x0000000088b00000| Untracked |  0
|  82|0x0000000088c00000, 0x0000000088c00000, 0x0000000088d00000|  0%| F|  |TAMS 0x0000000088c00000| PB 0x0000000088c00000| Untracked |  0
|  83|0x0000000088d00000, 0x0000000088d00000, 0x0000000088e00000|  0%| F|  |TAMS 0x0000000088d00000| PB 0x0000000088d00000| Untracked |  0
|  84|0x0000000088e00000, 0x0000000088e00000, 0x0000000088f00000|  0%| F|  |TAMS 0x0000000088e00000| PB 0x0000000088e00000| Untracked |  0
|  85|0x0000000088f00000, 0x0000000088f00000, 0x0000000089000000|  0%| F|  |TAMS 0x0000000088f00000| PB 0x0000000088f00000| Untracked |  0
|  86|0x0000000089000000, 0x0000000089000000, 0x0000000089100000|  0%| F|  |TAMS 0x0000000089000000| PB 0x0000000089000000| Untracked |  0
|  87|0x0000000089100000, 0x0000000089100000, 0x0000000089200000|  0%| F|  |TAMS 0x0000000089100000| PB 0x0000000089100000| Untracked |  0
|  88|0x0000000089200000, 0x0000000089200000, 0x0000000089300000|  0%| F|  |TAMS 0x0000000089200000| PB 0x0000000089200000| Untracked |  0
|  89|0x0000000089300000, 0x0000000089300000, 0x0000000089400000|  0%| F|  |TAMS 0x0000000089300000| PB 0x0000000089300000| Untracked |  0
|  90|0x0000000089400000, 0x0000000089400000, 0x0000000089500000|  0%| F|  |TAMS 0x0000000089400000| PB 0x0000000089400000| Untracked |  0
|  91|0x0000000089500000, 0x0000000089500000, 0x0000000089600000|  0%| F|  |TAMS 0x0000000089500000| PB 0x0000000089500000| Untracked |  0
|  92|0x0000000089600000, 0x0000000089600000, 0x0000000089700000|  0%| F|  |TAMS 0x0000000089600000| PB 0x0000000089600000| Untracked |  0
|  93|0x0000000089700000, 0x0000000089700000, 0x0000000089800000|  0%| F|  |TAMS 0x0000000089700000| PB 0x0000000089700000| Untracked |  0
|  94|0x0000000089800000, 0x0000000089800000, 0x0000000089900000|  0%| F|  |TAMS 0x0000000089800000| PB 0x0000000089800000| Untracked |  0
|  95|0x0000000089900000, 0x0000000089900000, 0x0000000089a00000|  0%| F|  |TAMS 0x0000000089900000| PB 0x0000000089900000| Untracked |  0
|  96|0x0000000089a00000, 0x0000000089a00000, 0x0000000089b00000|  0%| F|  |TAMS 0x0000000089a00000| PB 0x0000000089a00000| Untracked |  0
|  97|0x0000000089b00000, 0x0000000089b00000, 0x0000000089c00000|  0%| F|  |TAMS 0x0000000089b00000| PB 0x0000000089b00000| Untracked |  0
|  98|0x0000000089c00000, 0x0000000089c00000, 0x0000000089d00000|  0%| F|  |TAMS 0x0000000089c00000| PB 0x0000000089c00000| Untracked |  0
|  99|0x0000000089d00000, 0x0000000089d00000, 0x0000000089e00000|  0%| F|  |TAMS 0x0000000089d00000| PB 0x0000000089d00000| Untracked |  0
| 100|0x0000000089e00000, 0x0000000089e00000, 0x0000000089f00000|  0%| F|  |TAMS 0x0000000089e00000| PB 0x0000000089e00000| Untracked |  0
| 101|0x0000000089f00000, 0x0000000089f00000, 0x000000008a000000|  0%| F|  |TAMS 0x0000000089f00000| PB 0x0000000089f00000| Untracked |  0
| 102|0x000000008a000000, 0x000000008a000000, 0x000000008a100000|  0%| F|  |TAMS 0x000000008a000000| PB 0x000000008a000000| Untracked |  0
| 103|0x000000008a100000, 0x000000008a100000, 0x000000008a200000|  0%| F|  |TAMS 0x000000008a100000| PB 0x000000008a100000| Untracked |  0
| 104|0x000000008a200000, 0x000000008a200000, 0x000000008a300000|  0%| F|  |TAMS 0x000000008a200000| PB 0x000000008a200000| Untracked |  0
| 105|0x000000008a300000, 0x000000008a300000, 0x000000008a400000|  0%| F|  |TAMS 0x000000008a300000| PB 0x000000008a300000| Untracked |  0
| 106|0x000000008a400000, 0x000000008a400000, 0x000000008a500000|  0%| F|  |TAMS 0x000000008a400000| PB 0x000000008a400000| Untracked |  0
| 107|0x000000008a500000, 0x000000008a500000, 0x000000008a600000|  0%| F|  |TAMS 0x000000008a500000| PB 0x000000008a500000| Untracked |  0
| 108|0x000000008a600000, 0x000000008a600000, 0x000000008a700000|  0%| F|  |TAMS 0x000000008a600000| PB 0x000000008a600000| Untracked |  0
| 109|0x000000008a700000, 0x000000008a700000, 0x000000008a800000|  0%| F|  |TAMS 0x000000008a700000| PB 0x000000008a700000| Untracked |  0
| 110|0x000000008a800000, 0x000000008a800000, 0x000000008a900000|  0%| F|  |TAMS 0x000000008a800000| PB 0x000000008a800000| Untracked |  0
| 111|0x000000008a900000, 0x000000008a900000, 0x000000008aa00000|  0%| F|  |TAMS 0x000000008a900000| PB 0x000000008a900000| Untracked |  0
| 112|0x000000008aa00000, 0x000000008aa00000, 0x000000008ab00000|  0%| F|  |TAMS 0x000000008aa00000| PB 0x000000008aa00000| Untracked |  0
| 113|0x000000008ab00000, 0x000000008ab00000, 0x000000008ac00000|  0%| F|  |TAMS 0x000000008ab00000| PB 0x000000008ab00000| Untracked |  0
| 114|0x000000008ac00000, 0x000000008ac00000, 0x000000008ad00000|  0%| F|  |TAMS 0x000000008ac00000| PB 0x000000008ac00000| Untracked |  0
| 115|0x000000008ad00000, 0x000000008ad00000, 0x000000008ae00000|  0%| F|  |TAMS 0x000000008ad00000| PB 0x000000008ad00000| Untracked |  0
| 116|0x000000008ae00000, 0x000000008ae00000, 0x000000008af00000|  0%| F|  |TAMS 0x000000008ae00000| PB 0x000000008ae00000| Untracked |  0
| 117|0x000000008af00000, 0x000000008af00000, 0x000000008b000000|  0%| F|  |TAMS 0x000000008af00000| PB 0x000000008af00000| Untracked |  0
| 118|0x000000008b000000, 0x000000008b000000, 0x000000008b100000|  0%| F|  |TAMS 0x000000008b000000| PB 0x000000008b000000| Untracked |  0
| 119|0x000000008b100000, 0x000000008b100000, 0x000000008b200000|  0%| F|  |TAMS 0x000000008b100000| PB 0x000000008b100000| Untracked |  0
| 120|0x000000008b200000, 0x000000008b200000, 0x000000008b300000|  0%| F|  |TAMS 0x000000008b200000| PB 0x000000008b200000| Untracked |  0
| 121|0x000000008b300000, 0x000000008b300000, 0x000000008b400000|  0%| F|  |TAMS 0x000000008b300000| PB 0x000000008b300000| Untracked |  0
| 122|0x000000008b400000, 0x000000008b400000, 0x000000008b500000|  0%| F|  |TAMS 0x000000008b400000| PB 0x000000008b400000| Untracked |  0
| 123|0x000000008b500000, 0x000000008b58fe00, 0x000000008b600000| 56%| E|  |TAMS 0x000000008b500000| PB 0x000000008b500000| Complete |  0
| 124|0x000000008b600000, 0x000000008b700000, 0x000000008b700000|100%| E|CS|TAMS 0x000000008b600000| PB 0x000000008b600000| Complete |  0
| 125|0x000000008b700000, 0x000000008b800000, 0x000000008b800000|100%| E|CS|TAMS 0x000000008b700000| PB 0x000000008b700000| Complete |  0

Card table byte_map: [0x000002c958a20000,0x000002c958e10000] _byte_map_base: 0x000002c958603000

Marking Bits: (CMBitMap*) 0x000002c93f510820
 Bits: [0x000002c958e10000, 0x000002c95ad28000)

Polling page: 0x000002c93f350000

Metaspace:

Usage:
  Non-class:      5.56 MB used.
      Class:    529.60 KB used.
       Both:      6.08 MB used.

Virtual space:
  Non-class space:       64.00 MB reserved,       5.62 MB (  9%) committed,  1 nodes.
      Class space:        1.00 GB reserved,     576.00 KB ( <1%) committed,  1 nodes.
             Both:        1.06 GB reserved,       6.19 MB ( <1%) committed. 

Chunk freelists:
   Non-Class:  10.25 MB
       Class:  15.25 MB
        Both:  25.50 MB

MaxMetaspaceSize: unlimited
CompressedClassSpaceSize: 1.00 GB
Initial GC threshold: 21.00 MB
Current GC threshold: 21.00 MB
CDS: off
 - commit_granule_bytes: 65536.
 - commit_granule_words: 8192.
 - virtual_space_node_default_size: 8388608.
 - enlarge_chunks_in_place: 1.
 - use_allocation_guard: 0.


Internal statistics:

num_allocs_failed_limit: 0.
num_arena_births: 6.
num_arena_deaths: 0.
num_vsnodes_births: 2.
num_vsnodes_deaths: 0.
num_space_committed: 99.
num_space_uncommitted: 0.
num_chunks_returned_to_freelist: 0.
num_chunks_taken_from_freelist: 18.
num_chunk_merges: 0.
num_chunk_splits: 7.
num_chunks_enlarged: 2.
num_inconsistent_stats: 0.

CodeHeap 'non-profiled nmethods': size=120000Kb used=67Kb max_used=67Kb free=119932Kb
 bounds [0x000002c950ad0000, 0x000002c950d40000, 0x000002c958000000]
CodeHeap 'profiled nmethods': size=120000Kb used=210Kb max_used=210Kb free=119789Kb
 bounds [0x000002c949000000, 0x000002c949270000, 0x000002c950530000]
CodeHeap 'non-nmethods': size=5760Kb used=1361Kb max_used=1377Kb free=4398Kb
 bounds [0x000002c950530000, 0x000002c9507a0000, 0x000002c950ad0000]
 total_blobs=586 nmethods=204 adapters=287
 compilation: enabled
              stopped_count=0, restarted_count=0
 full_count=0

Compilation events (20 events):
Event: 0.266 Thread 0x000002c95d45e0e0  194       1       java.lang.module.ModuleDescriptor$Version::toString (5 bytes)
Event: 0.266 Thread 0x000002c95d45e0e0 nmethod 194 0x000002c950addc10 code [0x000002c950addda0, 0x000002c950adde68]
Event: 0.267 Thread 0x000002c95d45e0e0  195       3       java.util.AbstractMap::<init> (5 bytes)
Event: 0.267 Thread 0x000002c95d45e0e0 nmethod 195 0x000002c949033290 code [0x000002c949033420, 0x000002c949033588]
Event: 0.267 Thread 0x000002c95d45e0e0  196       3       java.lang.Math::max (11 bytes)
Event: 0.267 Thread 0x000002c95d45e0e0 nmethod 196 0x000002c949033690 code [0x000002c949033820, 0x000002c949033958]
Event: 0.267 Thread 0x000002c95d45e0e0  197       3       java.lang.module.ResolvedModule::name (11 bytes)
Event: 0.267 Thread 0x000002c95d45e0e0 nmethod 197 0x000002c949033a10 code [0x000002c949033ba0, 0x000002c949033d00]
Event: 0.267 Thread 0x000002c95d45e0e0  198       3       java.util.HashSet::<init> (16 bytes)
Event: 0.267 Thread 0x000002c95d45e0e0 nmethod 198 0x000002c949033e10 code [0x000002c949033fe0, 0x000002c9490343e0]
Event: 0.268 Thread 0x000002c95d45e0e0  199       1       java.lang.module.ModuleDescriptor::isOpen (5 bytes)
Event: 0.269 Thread 0x000002c95d45e0e0 nmethod 199 0x000002c950ade310 code [0x000002c950ade4a0, 0x000002c950ade570]
Event: 0.269 Thread 0x000002c95d45e0e0  202       3       java.util.HashMap::isEmpty (13 bytes)
Event: 0.269 Thread 0x000002c95d45e0e0 nmethod 202 0x000002c949034590 code [0x000002c949034720, 0x000002c949034880]
Event: 0.269 Thread 0x000002c95d45e0e0  200       1       java.lang.module.ResolvedModule::configuration (5 bytes)
Event: 0.269 Thread 0x000002c95d45e0e0 nmethod 200 0x000002c950ade610 code [0x000002c950ade7a0, 0x000002c950ade868]
Event: 0.269 Thread 0x000002c95d45e0e0  203       1       java.util.HashMap::size (5 bytes)
Event: 0.269 Thread 0x000002c95d45e0e0 nmethod 203 0x000002c950ade910 code [0x000002c950adeaa0, 0x000002c950adeb68]
Event: 0.269 Thread 0x000002c95d45e0e0  204       1       java.lang.module.ModuleDescriptor$Provides::service (5 bytes)
Event: 0.269 Thread 0x000002c95d45e0e0 nmethod 204 0x000002c950adec10 code [0x000002c950adeda0, 0x000002c950adee68]

GC Heap History (0 events):
No events

Dll operation events (4 events):
Event: 0.013 Loaded shared library C:\Program Files\Java\jdk-22\bin\java.dll
Event: 0.118 Loaded shared library C:\Program Files\Java\jdk-22\bin\jsvml.dll
Event: 0.245 Loaded shared library C:\Program Files\Java\jdk-22\bin\net.dll
Event: 0.246 Loaded shared library C:\Program Files\Java\jdk-22\bin\nio.dll

Deoptimization events (0 events):
No events

Classes loaded (20 events):
Event: 0.255 Loading class jdk/internal/module/ModuleReferenceImpl$CachedHash done
Event: 0.255 Loading class java/lang/module/ResolvedModule
Event: 0.255 Loading class java/lang/module/ResolvedModule done
Event: 0.263 Loading class jdk/internal/module/ModuleLoaderMap
Event: 0.263 Loading class jdk/internal/module/ModuleLoaderMap done
Event: 0.263 Loading class jdk/internal/module/ModuleLoaderMap$Mapper
Event: 0.263 Loading class jdk/internal/module/ModuleLoaderMap$Mapper done
Event: 0.263 Loading class jdk/internal/module/ModuleLoaderMap$Modules
Event: 0.263 Loading class jdk/internal/module/ModuleLoaderMap$Modules done
Event: 0.269 Loading class jdk/internal/loader/AbstractClassLoaderValue$Memoizer
Event: 0.269 Loading class jdk/internal/loader/AbstractClassLoaderValue$Memoizer done
Event: 0.269 Loading class jdk/internal/module/ServicesCatalog$ServiceProvider
Event: 0.269 Loading class jdk/internal/module/ServicesCatalog$ServiceProvider done
Event: 0.269 Loading class java/util/concurrent/CopyOnWriteArrayList
Event: 0.269 Loading class java/util/concurrent/CopyOnWriteArrayList done
Event: 0.270 Loading class java/lang/ModuleLayer$Controller
Event: 0.270 Loading class java/lang/ModuleLayer$Controller done
Event: 0.270 Loading class jdk/internal/module/ModuleBootstrap$SafeModuleFinder
Event: 0.270 Loading class jdk/internal/module/ModuleBootstrap$SafeModuleFinder done
Event: 0.270 Loading class java/lang/invoke/StringConcatFactory

Classes unloaded (0 events):
No events

Classes redefined (0 events):
No events

Internal exceptions (3 events):
Event: 0.248 Thread 0x000002c93f3aed60 Exception <a 'sun/nio/fs/WindowsException'{0x000000008b6cf698}> (0x000000008b6cf698) 
thrown [s\open\src\hotspot\share\prims\jni.cpp, line 520]
Event: 0.250 Thread 0x000002c93f3aed60 Exception <a 'sun/nio/fs/WindowsException'{0x000000008b6d16e0}> (0x000000008b6d16e0) 
thrown [s\open\src\hotspot\share\prims\jni.cpp, line 520]
Event: 0.250 Thread 0x000002c93f3aed60 Exception <a 'sun/nio/fs/WindowsException'{0x000000008b6d2018}> (0x000000008b6d2018) 
thrown [s\open\src\hotspot\share\prims\jni.cpp, line 520]

ZGC Phase Switch (0 events):
No events

VM Operations (2 events):
Event: 0.254 Executing VM operation: HandshakeAllThreads (Deoptimize)
Event: 0.254 Executing VM operation: HandshakeAllThreads (Deoptimize) done

Memory protections (0 events):
No events

Nmethod flushes (0 events):
No events

Events (10 events):
Event: 0.027 Thread 0x000002c93f3aed60 Thread added: 0x000002c93f3aed60
Event: 0.114 Thread 0x000002c93f3aed60 Thread added: 0x000002c95d435470
Event: 0.114 Thread 0x000002c93f3aed60 Thread added: 0x000002c95d41b7a0
Event: 0.115 Thread 0x000002c93f3aed60 Thread added: 0x000002c95d42a660
Event: 0.116 Thread 0x000002c93f3aed60 Thread added: 0x000002c95d421490
Event: 0.116 Thread 0x000002c93f3aed60 Thread added: 0x000002c95d4244c0
Event: 0.116 Thread 0x000002c93f3aed60 Thread added: 0x000002c95d4282f0
Event: 0.116 Thread 0x000002c93f3aed60 Thread added: 0x000002c95d457a00
Event: 0.116 Thread 0x000002c93f3aed60 Thread added: 0x000002c95d45e0e0
Event: 0.211 Thread 0x000002c93f3aed60 Thread added: 0x000002c95d32c0b0


Dynamic libraries:
0x00007ff69c300000 - 0x00007ff69c310000 	C:\Program Files\Java\jdk-22\bin\java.exe
0x00007ffa76850000 - 0x00007ffa76a67000 	C:\WINDOWS\SYSTEM32\ntdll.dll
0x00007ffa74c40000 - 0x00007ffa74d04000 	C:\WINDOWS\System32\KERNEL32.DLL
0x00007ffa741d0000 - 0x00007ffa7457d000 	C:\WINDOWS\System32\KERNELBASE.dll
0x00007ffa73b70000 - 0x00007ffa73c81000 	C:\WINDOWS\System32\ucrtbase.dll
0x00007ffa022e0000 - 0x00007ffa022fb000 	C:\Program Files\Java\jdk-22\bin\VCRUNTIME140.dll
0x00007ffa66140000 - 0x00007ffa66157000 	C:\Program Files\Java\jdk-22\bin\jli.dll
0x00007ffa75430000 - 0x00007ffa755de000 	C:\WINDOWS\System32\USER32.dll
0x00007ffa741a0000 - 0x00007ffa741c6000 	C:\WINDOWS\System32\win32u.dll
0x00007ffa57980000 - 0x00007ffa57c13000 	C:\WINDOWS\WinSxS\amd64_microsoft.windows.common-controls_6595b64144ccf1df_6.0.22621.3672_none_2713b9d173822955\COMCTL32.dll
0x00007ffa74d10000 - 0x00007ffa74d39000 	C:\WINDOWS\System32\GDI32.dll
0x00007ffa75380000 - 0x00007ffa75427000 	C:\WINDOWS\System32\msvcrt.dll
0x00007ffa73c90000 - 0x00007ffa73da9000 	C:\WINDOWS\System32\gdi32full.dll
0x00007ffa73e70000 - 0x00007ffa73f0a000 	C:\WINDOWS\System32\msvcp_win.dll
0x00007ffa750d0000 - 0x00007ffa75101000 	C:\WINDOWS\System32\IMM32.DLL
0x00007ffa01eb0000 - 0x00007ffa01ebc000 	C:\Program Files\Java\jdk-22\bin\vcruntime140_1.dll
0x00007ff9e8890000 - 0x00007ff9e891e000 	C:\Program Files\Java\jdk-22\bin\msvcp140.dll
0x00007ff9e4540000 - 0x00007ff9e5289000 	C:\Program Files\Java\jdk-22\bin\server\jvm.dll
0x00007ffa74580000 - 0x00007ffa74632000 	C:\WINDOWS\System32\ADVAPI32.dll
0x00007ffa74910000 - 0x00007ffa749b9000 	C:\WINDOWS\System32\sechost.dll
0x00007ffa73f10000 - 0x00007ffa73f38000 	C:\WINDOWS\System32\bcrypt.dll
0x00007ffa755e0000 - 0x00007ffa756f4000 	C:\WINDOWS\System32\RPCRT4.dll
0x00007ffa75700000 - 0x00007ffa75771000 	C:\WINDOWS\System32\WS2_32.dll
0x00007ffa73a30000 - 0x00007ffa73a7d000 	C:\WINDOWS\SYSTEM32\POWRPROF.dll
0x00007ffa6b100000 - 0x00007ffa6b134000 	C:\WINDOWS\SYSTEM32\WINMM.dll
0x00007ffa65d60000 - 0x00007ffa65d6a000 	C:\WINDOWS\SYSTEM32\VERSION.dll
0x00007ffa73a10000 - 0x00007ffa73a23000 	C:\WINDOWS\SYSTEM32\UMPDC.dll
0x00007ffa72b60000 - 0x00007ffa72b78000 	C:\WINDOWS\SYSTEM32\kernel.appcore.dll
0x00007ffa01ea0000 - 0x00007ffa01eaa000 	C:\Program Files\Java\jdk-22\bin\jimage.dll
0x00007ffa713a0000 - 0x00007ffa715d2000 	C:\WINDOWS\SYSTEM32\DBGHELP.DLL
0x00007ffa74d40000 - 0x00007ffa750cd000 	C:\WINDOWS\System32\combase.dll
0x00007ffa74640000 - 0x00007ffa74717000 	C:\WINDOWS\System32\OLEAUT32.dll
0x00007ffa64fb0000 - 0x00007ffa64fe2000 	C:\WINDOWS\SYSTEM32\dbgcore.DLL
0x00007ffa74120000 - 0x00007ffa7419b000 	C:\WINDOWS\System32\bcryptPrimitives.dll
0x00007ff9ef580000 - 0x00007ff9ef59e000 	C:\Program Files\Java\jdk-22\bin\java.dll
0x00007ffa75fa0000 - 0x00007ffa76808000 	C:\WINDOWS\System32\SHELL32.dll
0x00007ffa751c0000 - 0x00007ffa75365000 	C:\WINDOWS\System32\ole32.dll
0x00007ffa71a70000 - 0x00007ffa7236e000 	C:\WINDOWS\SYSTEM32\windows.storage.dll
0x00007ffa71930000 - 0x00007ffa71a6f000 	C:\WINDOWS\SYSTEM32\wintypes.dll
0x00007ffa74740000 - 0x00007ffa74839000 	C:\WINDOWS\System32\SHCORE.dll
0x00007ffa75d10000 - 0x00007ffa75d6e000 	C:\WINDOWS\System32\shlwapi.dll
0x00007ffa73aa0000 - 0x00007ffa73ac1000 	C:\WINDOWS\SYSTEM32\profapi.dll
0x00007ff9e8af0000 - 0x00007ff9e8bc7000 	C:\Program Files\Java\jdk-22\bin\jsvml.dll
0x00007ffa00f80000 - 0x00007ffa00f90000 	C:\Program Files\Java\jdk-22\bin\net.dll
0x00007ffa72fd0000 - 0x00007ffa73039000 	C:\WINDOWS\system32\mswsock.dll
0x00007ff9e8ad0000 - 0x00007ff9e8ae6000 	C:\Program Files\Java\jdk-22\bin\nio.dll

dbghelp: loaded successfully - version: 4.0.5 - missing functions: none
symbol engine: initialized successfully - sym options: 0x614 - pdb path: .;C:\Program Files\Java\jdk-22\bin;C:\WINDOWS\SYSTEM32;C:\WINDOWS\WinSxS\amd64_microsoft.windows.common-controls_6595b64144ccf1df_6.0.22621.3672_none_2713b9d173822955;C:\Program Files\Java\jdk-22\bin\server

VM Arguments:
jvm_args: -Dfile.encoding=UTF-8 --module-path=A:\Bank Management System\build\classes 
java_command: bank.management.system.SignupOne
java_class_path (initial): A:\java\jcalendar-tz-1.3.3-4.jar;A:\java\mysql-connector-java-8.0.28.jar;A:\Bank Management System\build\classes
Launcher Type: SUN_STANDARD

[Global flags]
     intx CICompilerCount                          = 3                                         {product} {ergonomic}
     uint ConcGCThreads                            = 1                                         {product} {ergonomic}
     uint G1ConcRefinementThreads                  = 4                                         {product} {ergonomic}
   size_t G1HeapRegionSize                         = 1048576                                   {product} {ergonomic}
   size_t InitialHeapSize                          = 132120576                                 {product} {ergonomic}
   size_t MarkStackSize                            = 4194304                                   {product} {ergonomic}
   size_t MaxHeapSize                              = 2086666240                                {product} {ergonomic}
   size_t MaxNewSize                               = 1251999744                                {product} {ergonomic}
   size_t MinHeapDeltaBytes                        = 1048576                                   {product} {ergonomic}
   size_t MinHeapSize                              = 8388608                                   {product} {ergonomic}
    uintx NonNMethodCodeHeapSize                   = 5832780                                {pd product} {ergonomic}
    uintx NonProfiledCodeHeapSize                  = 122912730                              {pd product} {ergonomic}
    uintx ProfiledCodeHeapSize                     = 122912730                              {pd product} {ergonomic}
    uintx ReservedCodeCacheSize                    = 251658240                              {pd product} {ergonomic}
     bool SegmentedCodeCache                       = true                                      {product} {ergonomic}
   size_t SoftMaxHeapSize                          = 2086666240                             {manageable} {ergonomic}
     bool UseCompressedOops                        = true                           {product lp64_product} {ergonomic}
     bool UseG1GC                                  = true                                      {product} {ergonomic}
     bool UseLargePagesIndividualAllocation        = false                                  {pd product} {ergonomic}

Logging:
Log output configuration:
 #0: stdout all=warning uptime,level,tags foldmultilines=false
 #1: stderr all=off uptime,level,tags foldmultilines=false

Environment Variables:
PATH=C:\Program Files\Common Files\Oracle\Java\javapath;C:\WINDOWS\system32;C:\WINDOWS;C:\WINDOWS\System32\Wbem;C:\WINDOWS\System32\WindowsPowerShell\v1.0\;C:\WINDOWS\System32\OpenSSH\;C:\Program Files\Java\jdk-16.0.2\bin;C:\Program Files\dotnet\;C:\ProgramData\chocolatey\bin;C:\Program Files\nodejs;C:\Program Files\MySQL\MySQL Server 5.5\bin;C:\Program Files\Java\jdk-22;C:\Program Files\MySQL\MySQL Shell 8.0\bin\;C:\Users\friends\AppData\Local\Microsoft\WindowsApps;C:\Program Files (x86)\mingw-w64\i686-8.1.0-posix-dwarf-rt_v6-rev0\mingw32\bin;C:\Program Files\JetBrains\IntelliJ IDEA Community Edition 2021.2\bin;C:\Users\friends\AppData\Local\atom\bin;C:\Users\friends\AppData\Local\Programs\Microsoft VS Code\bin
USERNAME=friends
OS=Windows_NT
PROCESSOR_IDENTIFIER=Intel64 Family 6 Model 126 Stepping 5, GenuineIntel
TMP=C:\Users\friends\AppData\Local\Temp
TEMP=C:\Users\friends\AppData\Local\Temp




Periodic native trim disabled

---------------  S Y S T E M  ---------------

OS:
 Windows 11 , 64 bit Build 22621 (10.0.22621.3958)
OS uptime: 0 days 9:18 hours
Hyper-V role detected

CPU: total 4 (initial active 4) (2 cores per cpu, 2 threads per core) family 6 model 126 stepping 5 microcode 0xc2, cx8, cmov, fxsr, ht, mmx, 3dnowpref, sse, sse2, sse3, ssse3, sse4.1, sse4.2, popcnt, lzcnt, tsc, tscinvbit, avx, avx2, aes, erms, clmul, bmi1, bmi2, adx, avx512f, avx512dq, avx512cd, avx512bw, avx512vl, sha, fma, vzeroupper, avx512_vpopcntdq, avx512_vpclmulqdq, avx512_vaes, avx512_vnni, clflush, clflushopt, avx512_vbmi2, avx512_vbmi, hv, rdtscp, rdpid, fsrm, gfni, avx512_bitalg, f16c, avx512_ifma
Processor Information for all 4 processors :
  Max Mhz: 1190, Current Mhz: 1190, Mhz Limit: 1190

Memory: 4k page, system-wide physical 7959M (831M free)
TotalPageFile size 32535M (AvailPageFile size 2M)
current process WorkingSet (physical memory assigned to process): 34M, peak: 34M
current process commit charge ("private bytes"): 194M, peak: 194M

vm_info: Java HotSpot(TM) 64-Bit Server VM (22.0.2+9-70) for windows-amd64 JRE (22.0.2+9-70), built on 2024-06-04T16:52:23Z by "mach5one" with MS VC++ 17.6 (VS2022)

END.
